~~~
<div id="c60b1d73-067d-43e5-bd19-53e9061062ef" data-jscall-id="108" style="visibility: hidden;">
  <div data-jscall-id="103">slider 1: 
    <input step="1" max="100" min="1" data-jscall-id="104" value="1" oninput="JSServe.update_obs('9767687991539187356', parseFloat(value))" type="range" />
    <p data-jscall-id="102">1</p>
  </div>
  <script data-jscall-id="105" type="text/javascript">
    window.__define = window.define;
    window.__require = window.require;
    window.define = undefined;
    window.require = undefined;

</script>
  <script data-jscall-id="106" type="text/javascript">
    window.define = window.__define;
    window.require = window.__require;
    window.__define = undefined;
    window.__require = undefined;

</script>
  <script data-jscall-id="107" type="text/javascript">
(()=> {
    JSServe.register_sub_session('c60b1d73-067d-43e5-bd19-53e9061062ef')
    const init_data_b64 = 'H4sIAAAAAAAAA8VUwY7TMBQU136Fb9lK226cxHaDtBxgOVAJFlRuCFlu/FoMiR0lTrcR4lLOSHDlBkhb7stH8Av8Dd50SQFVW9GuRE6O3rz3PDPJLJa5qFMj5Me3v063Pit5ETPK6IDFMSZhjAcsJPRrVk65rXP4RFrs4oLzl2ImyqRQuW2qnJ8PR/eMhBZzXpqqSODH9wJsVWg0qXRildHIaF7lUlg40HDGZyKtoIted5B7jo6UtlDkJhVW6SkyE3Ry+hBpN7dEQktk7Aso0LBKlUBNZ4nOTPEKZaa0aY1EiWCeQ2JB3m4GJkaXFuUcUshAW3SMOAfXyF3Bwtxy/sx/3iBbTF9pDcVTV3To9oadN53lVc+HjfSXJyZ79Bv/L9gPtkqK/5D/Gw4p8VlEg3gQRoRQxki4SX/ZgPGABNR3awhjg4iSMMSbwKvJPmV+FLKAEOy2UHef/Z19fOVsI9DxHTQcjaCYQX/lLr90jQtrCzWunNkbhD9EXmkh9w5XI7r/rHC0XTW8G7fTG+CWifm+1K71+H9SU3pfatd+kTtSe3ID1Jre/cht+ekXO3F7t84zkeepSsRlmnJpMpdT0iRVE15TsPdXOXa3fiAPvIT6YyxZ2HNyy14UAumNJY57JITYp86EACZet0nAv6b2S1un0J+pUo1Vqmzt1njNWwpeG4bv17yC9TH+CewoTSlhBgAA'
    JSServe.init_from_b64(init_data_b64)
    if (!true){
        JSServe.update_obs('8069900190534976558', true)
    }
})()
</script>
</div>
~~~
