~~~
<div id="014cdfb4-2c54-4a6a-99b4-c6c2d6719287" data-jscall-id="108" style="visibility: hidden;">
  <div data-jscall-id="103">slider 1: 
    <input step="1" max="100" min="1" data-jscall-id="104" value="1" oninput="JSServe.update_obs('6600412752523690591', parseFloat(value))" type="range" />
    <p data-jscall-id="102">1</p>
  </div>
  <script data-jscall-id="105" type="text/javascript">
    window.__define = window.define;
    window.__require = window.require;
    window.define = undefined;
    window.require = undefined;

</script>
  <script data-jscall-id="106" type="text/javascript">
    window.define = window.__define;
    window.require = window.__require;
    window.__define = undefined;
    window.__require = undefined;

</script>
  <script data-jscall-id="107" type="text/javascript">
(()=> {
    JSServe.register_sub_session('014cdfb4-2c54-4a6a-99b4-c6c2d6719287')
    const init_data_b64 = 'H4sIAAAAAAAAA8VUT2/TMBwV134K37JKa2c7/2qkcYBxoBIMVG4IWW78azEkdpQ4XaOJSzkjwZUbIK3cx4fgK/BtcNPRAqpWrZ1ETrb8fs957yVvNs9FnRohP737vbrzRcnLKMI4IDQOaUj9iOGQkW9ZOea2zuFzuMLOLjl/LSaiTAqV2+aU84v+4IGRsMJclKYqEvj5owBbFRqNKp1YZTQymle5FBYONJzxiUgraKPzFnLP0ZHSForcpMIqPUZmhE5OHyPteEsktETGvoIC9atUCdRMlujMFG9QZkqb1kiUCKY5JBbk3YYwMbq0KOeQQgbaomPEObhB7g4sTC3nL/DLBrnCdJXWUDx3hw69esPW29b8aubjRvnzE5M9+UP/V4LpVkvJ3/bTno9D0mOYxQz7ccAw3mS/XGB9Shw2CuM4oBiHYdCLN2EXvN8J8RlhsSN2uIAS0vM3gm+U69OrXBt7ju+h/mAAxQS6y2z5IjMurC3UsHJRb7D9EHmlhdw7XFK0b+xvsNUzspu001uQlonpnsquTfh/KlN6P2VbvscdpT27BWnN7J6xXf/Dz3bS9n7dZSLPU5WIRZNyaTLXUdIkVVNcY7APlx12v34kDzxMgkSOhkGHJmHQCUQkOoy5bRIlVEYxYbQXe+2m/f5h7Za2TqE7UaUaqlTZ2l3jNbsUvFURfljrousl+wU+MROrXQYAAA=='
    JSServe.init_from_b64(init_data_b64)
    if (!true){
        JSServe.update_obs('2927834028194178951', true)
    }
})()
</script>
</div>
~~~
